[18:40:54] [main/WARN]: Ambiguity between arguments [teleport, destination] and [teleport, targets] with inputs: [Player, 0123, @e, dd12be42-52a9-4a91-a8a1-11c01849e498]
[18:40:54] [main/WARN]: Ambiguity between arguments [teleport, location] and [teleport, destination] with inputs: [0.1 -0.5 .9, 0 0 0]
[18:40:54] [main/WARN]: Ambiguity between arguments [teleport, location] and [teleport, targets] with inputs: [0.1 -0.5 .9, 0 0 0]
[18:40:54] [main/WARN]: Ambiguity between arguments [teleport, targets] and [teleport, destination] with inputs: [Player, 0123, dd12be42-52a9-4a91-a8a1-11c01849e498]
[18:40:54] [main/WARN]: Ambiguity between arguments [teleport, targets, location] and [teleport, targets, destination] with inputs: [0.1 -0.5 .9, 0 0 0]
[18:40:54] [Server thread/INFO]: Starting minecraft server version 1.15.2
[18:40:54] [Server thread/INFO]: Loading properties
[18:40:54] [Server thread/INFO]: Default game type: ADVENTURE
[18:40:54] [Server thread/INFO]: Generating keypair
[18:40:55] [Server thread/INFO]: Starting Minecraft server on *:25565
[18:40:55] [Server thread/INFO]: Using epoll channel type
[18:40:55] [Server thread/INFO]: Preparing level "pvpworld-mirrored"
[18:40:55] [Server thread/INFO]: Reloading ResourceManager: Default
[18:40:58] [Server thread/INFO]: Loaded 6 recipes
[18:40:58] [Server thread/INFO]: Loaded 825 advancements
[18:41:06] [User Authenticator #1/INFO]: UUID of player Fisherswamp is 4b5cfac2-5de7-4a24-89ed-22991e86d077
[18:41:24] [Server thread/INFO]: Preparing start region for dimension minecraft:overworld
[18:41:25] [Server thread/INFO]: Preparing spawn area: 0%
[18:41:25] [Server thread/INFO]: Preparing spawn area: 0%
[18:41:25] [Server thread/INFO]: Time elapsed: 959 ms
[18:41:25] [Server thread/INFO]: Done (29.972s)! For help, type "help"
[18:41:25] [Server thread/INFO]: Fisherswamp[/173.95.177.86:54577] logged in with entity id 12 at (1.5, 98.0, -2.5)
[18:41:25] [Server thread/INFO]: Fisherswamp joined the game
[18:41:32] [Server thread/INFO]: Fisherswamp lost connection: Disconnected
[18:41:32] [Server thread/INFO]: Fisherswamp left the game
[18:41:34] [Server thread/INFO]: [@: Set the weather to clear]
[18:41:34] [Server thread/INFO]: [@: Set the time to 6000]
[18:41:38] [User Authenticator #2/INFO]: UUID of player Fisherswamp is 4b5cfac2-5de7-4a24-89ed-22991e86d077
[18:41:38] [Server thread/INFO]: Fisherswamp[/173.95.177.86:54582] logged in with entity id 13 at (3.1655935252707685, 96.0, -3.4124599645577227)
[18:41:38] [Server thread/INFO]: Fisherswamp joined the game
[18:41:45] [Server thread/INFO]: Made Fisherswamp a server operator
[18:41:58] [Server thread/INFO]: [Fisherswamp: Set own game mode to Creative Mode]
[18:42:08] [Server thread/INFO]: [@: Set the weather to clear]
[18:42:08] [Server thread/INFO]: [@: Set the time to 6000]
[18:42:24] [Server thread/INFO]: Fisherswamp lost connection: Disconnected
[18:42:24] [Server thread/INFO]: Fisherswamp left the game
[18:42:27] [Server thread/INFO]: Stopping the server
[18:42:27] [Server thread/INFO]: Stopping server
[18:42:27] [Server thread/INFO]: Saving players
[18:42:27] [Server thread/INFO]: Saving worlds
[18:42:27] [Server thread/INFO]: Saving chunks for level 'pvpworld-mirrored'/minecraft:the_end
[18:42:27] [Server thread/INFO]: ThreadedAnvilChunkStorage (DIM1): All chunks are saved
[18:42:27] [Server thread/INFO]: Saving chunks for level 'pvpworld-mirrored'/minecraft:overworld
[18:42:28] [Server thread/INFO]: ThreadedAnvilChunkStorage (pvpworld-mirrored): All chunks are saved
[18:42:28] [Server thread/INFO]: Saving chunks for level 'pvpworld-mirrored'/minecraft:the_nether
[18:42:28] [Server thread/INFO]: ThreadedAnvilChunkStorage (DIM-1): All chunks are saved
[18:42:28] [Server thread/INFO]: ThreadedAnvilChunkStorage (DIM1): All chunks are saved
[18:42:28] [Server thread/INFO]: ThreadedAnvilChunkStorage (pvpworld-mirrored): All chunks are saved
[18:42:28] [Server thread/INFO]: ThreadedAnvilChunkStorage (DIM-1): All chunks are saved
